0 info it worked if it ends with ok
1 verbose cli [ '/usr/bin/node', '/usr/bin/npm', 'run', 'scss' ]
2 info using npm@3.5.2
3 info using node@v8.10.0
4 verbose run-script [ 'prescss', 'scss', 'postscss' ]
5 info lifecycle usuario@1.0.0~prescss: usuario@1.0.0
6 silly lifecycle usuario@1.0.0~prescss: no script for prescss, continuing
7 info lifecycle usuario@1.0.0~scss: usuario@1.0.0
8 verbose lifecycle usuario@1.0.0~scss: unsafe-perm in lifecycle true
9 verbose lifecycle usuario@1.0.0~scss: PATH: /usr/share/npm/bin/node-gyp-bin:/home/usuario/proyecto_sass/node_modules/.bin:/usr/local/sbin:/usr/local/bin:/usr/sbin:/usr/bin:/sbin:/bin:/usr/games:/usr/local/games
10 verbose lifecycle usuario@1.0.0~scss: CWD: /home/usuario/proyecto_sass
11 silly lifecycle usuario@1.0.0~scss: Args: [ '-c', 'node-sass --watch scss -o css' ]
12 silly lifecycle usuario@1.0.0~scss: Returned: code: 1  signal: null
13 info lifecycle usuario@1.0.0~scss: Failed to exec scss script
14 verbose stack Error: usuario@1.0.0 scss: `node-sass --watch scss -o css`
14 verbose stack Exit status 1
14 verbose stack     at EventEmitter.<anonymous> (/usr/share/npm/lib/utils/lifecycle.js:232:16)
14 verbose stack     at emitTwo (events.js:126:13)
14 verbose stack     at EventEmitter.emit (events.js:214:7)
14 verbose stack     at ChildProcess.<anonymous> (/usr/share/npm/lib/utils/spawn.js:24:14)
14 verbose stack     at emitTwo (events.js:126:13)
14 verbose stack     at ChildProcess.emit (events.js:214:7)
14 verbose stack     at maybeClose (internal/child_process.js:925:16)
14 verbose stack     at Process.ChildProcess._handle.onexit (internal/child_process.js:209:5)
15 verbose pkgid usuario@1.0.0
16 verbose cwd /home/usuario/proyecto_sass/scss
17 error Linux 4.15.0-50-generic
18 error argv "/usr/bin/node" "/usr/bin/npm" "run" "scss"
19 error node v8.10.0
20 error npm  v3.5.2
21 error code ELIFECYCLE
22 error usuario@1.0.0 scss: `node-sass --watch scss -o css`
22 error Exit status 1
23 error Failed at the usuario@1.0.0 scss script 'node-sass --watch scss -o css'.
23 error Make sure you have the latest version of node.js and npm installed.
23 error If you do, this is most likely a problem with the usuario package,
23 error not with npm itself.
23 error Tell the author that this fails on your system:
23 error     node-sass --watch scss -o css
23 error You can get information on how to open an issue for this project with:
23 error     npm bugs usuario
23 error Or if that isn't available, you can get their info via:
23 error     npm owner ls usuario
23 error There is likely additional logging output above.
24 verbose exit [ 1, true ]
